c:\users\rdkir\google drive\spring 2017\351 projects\hw3\x64\debug\vc140.pdb
c:\users\rdkir\google drive\spring 2017\351 projects\hw3\x64\debug\window.obj
c:\users\rdkir\google drive\spring 2017\351 projects\hw3\x64\debug\vec3.obj
c:\users\rdkir\google drive\spring 2017\351 projects\hw3\x64\debug\animal.obj
c:\users\rdkir\google drive\spring 2017\351 projects\hw3\x64\debug\poly.obj
c:\users\rdkir\google drive\spring 2017\351 projects\hw3\x64\debug\node.obj
c:\users\rdkir\google drive\spring 2017\351 projects\hw3\x64\debug\myglwidget.obj
c:\users\rdkir\google drive\spring 2017\351 projects\hw3\x64\debug\mat3.obj
c:\users\rdkir\google drive\spring 2017\351 projects\hw3\x64\debug\main.obj
c:\users\rdkir\google drive\spring 2017\351 projects\hw3\x64\debug\moc_window.obj
c:\users\rdkir\google drive\spring 2017\351 projects\hw3\x64\debug\moc_myglwidget.obj
c:\users\rdkir\google drive\spring 2017\351 projects\hw3\x64\debug\qrc_simpleqtogl.obj
c:\users\rdkir\google drive\spring 2017\351 projects\hw3\generatedfiles\debug\moc_window.cpp
c:\users\rdkir\google drive\spring 2017\351 projects\hw3\generatedfiles\debug\moc_myglwidget.cpp
c:\users\rdkir\google drive\spring 2017\351 projects\hw3\generatedfiles\qrc_simpleqtogl.cpp
c:\users\rdkir\google drive\spring 2017\351 projects\hw3\generatedfiles\ui_window.h
c:\users\rdkir\google drive\spring 2017\351 projects\hw3\x64\debug\simpleqtogl.ilk
c:\users\rdkir\google drive\spring 2017\351 projects\hw3\x64\debug\simpleqtogl.exe
c:\users\rdkir\google drive\spring 2017\351 projects\hw3\x64\debug\simpleqtogl.pdb
c:\users\rdkir\google drive\spring 2017\351 projects\hw3\x64\debug\simpleqtogl.tlog\cl.command.1.tlog
c:\users\rdkir\google drive\spring 2017\351 projects\hw3\x64\debug\simpleqtogl.tlog\cl.read.1.tlog
c:\users\rdkir\google drive\spring 2017\351 projects\hw3\x64\debug\simpleqtogl.tlog\cl.write.1.tlog
c:\users\rdkir\google drive\spring 2017\351 projects\hw3\x64\debug\simpleqtogl.tlog\custombuild.command.1.tlog
c:\users\rdkir\google drive\spring 2017\351 projects\hw3\x64\debug\simpleqtogl.tlog\custombuild.read.1.tlog
c:\users\rdkir\google drive\spring 2017\351 projects\hw3\x64\debug\simpleqtogl.tlog\custombuild.write.1.tlog
c:\users\rdkir\google drive\spring 2017\351 projects\hw3\x64\debug\simpleqtogl.tlog\link.command.1.tlog
c:\users\rdkir\google drive\spring 2017\351 projects\hw3\x64\debug\simpleqtogl.tlog\link.read.1.tlog
c:\users\rdkir\google drive\spring 2017\351 projects\hw3\x64\debug\simpleqtogl.tlog\link.write.1.tlog
